Diagnose log at 2022-06-08T20:36:09Z

Executable: /usr/local/share/gcm-core/git-credential-manager-core
Version: 2.0.696+4365b917da

------------
Diagnostic: Environment
Skipped: False
Success: True
Exception: None
Log:
OSType: Linux
OSVersion: Linux angrycrab 5.4.0-117-generic #132-Ubuntu SMP Thu Jun 2 00:39:06 UTC 2022 x86_64 x86_64 x86_64 GNU/Linux
Reading environment variables... OK
 Variables:
HISTSIZE=100
XDG_SESSION_ID=2
LANGUAGE=en_CA:en
_=/usr/local/bin/git-credential-manager-core
ADMB_HOME=/usr/local/admb
QT_QPA_PLATFORMTHEME=appmenu-qt5
SSH_TTY=/dev/pts/0
DISPLAY=localhost:10.0
MOTD_SHOWN=pam
TERM=xterm-256color
PWD=/home/daft/Dropbox/Steelhead_Rcode/Spawner_recruit_Long_data
SHLVL=1
USER=daft
LS_COLORS=ln=01;36:pi=40;33:so=01;35:do=01;35:bd=40;33;01:cd=40;33;01:or=40;31;01:su=37;41:sg=30;43:tw=30;42:ow=34;42:st=37;44:ex=01;32:*.f90=02;32:*.tex=02;31:*.bib=02;31:*.eps=02;35:*.dvi=02;35:*.pdf=02;35:*.tar=01;31:*.tgz=01;31:*.arj=01;31:*.taz=01;31:*.lzh=01;31:*.zip=01;31:*.z=01;31:*.Z=01;31:*.gz=01;31:*.bz2=01;31:*.deb=01;31:*.rpm=01;31:*.jar=01;31:*.jpg=01;35:*.jpeg=01;35:*.gif=01;35:*.bmp=01;35:*.pbm=01;35:*.pgm=01;35:*.ppm=01;35:*.tga=01;35:*.xbm=01;35:*.xpm=01;35:*.tif=01;35:*.tiff=01;35:*.png=01;35:*.mov=01;35:*.mpg=01;35:*.mpeg=01;35:*.avi=01;35:*.fli=01;35:*.gl=01;35:*.dl=01;35:*.xcf=01;35:*.xwd=01;35:*.wmv=01;35:*.flac=01;35:*.mp3=01;35:*.mpc=01;35:*.ogg=01;35:*.wav=01;35:
HISTCONTROL=ignoredups
SSH_CONNECTION=192.168.1.71 35286 192.168.1.70 22
LESSCLOSE=/usr/bin/lesspipe %s %s
PATH=/home/daft/bin:/usr/local/admb/bin:/usr/local/sbin:/usr/local/bin:/usr/sbin:/usr/bin:/sbin:/bin:/usr/games:/usr/local/games:/snap/bin:/usr/lib/surfraw:/home/daft/bin
XDG_SESSION_CLASS=user
LANG=en_CA.UTF-8
XDG_DATA_DIRS=/usr/local/share:/usr/share:/var/lib/snapd/desktop
DBUS_SESSION_BUS_ADDRESS=unix:path=/run/user/1001/bus
XDG_SESSION_TYPE=tty
SSH_CLIENT=192.168.1.71 35286 22
LESSOPEN=| /usr/bin/lesspipe %s
HOME=/home/daft
XDG_RUNTIME_DIR=/run/user/1001
OLDPWD=/home/daft/Dropbox/Steelhead_Rcode
SHELL=/bin/bash
LOGNAME=daft


------------
Diagnostic: File system
Skipped: False
Success: True
Exception: None
Log:
Temporary directory is '/tmp/'...
Checking basic file I/O...
Writing to temporary file '/tmp/f88f4991b600328081f1c935'... OK
Reading from temporary file '/tmp/f88f4991b600328081f1c935'... OK
Deleting temporary file '/tmp/f88f4991b600328081f1c935'... OK
Testing IFileSystem instance...
UserHomePath: /home/daft
UserDataDirectoryPath: /home/daft/.gcm
GetCurrentDirectory(): /home/daft/Dropbox/Steelhead_Rcode/Spawner_recruit_Long_data

------------
Diagnostic: Networking
Skipped: False
Success: True
Exception: None
Log:
Checking basic networking and HTTP stack...
Creating HTTP client... OK
IsNetworkAvailable: True
Sending HEAD request to http://example.com... OK
Sending HEAD request to https://example.com... OK
Acquiring free TCP port... OK
Testing local HTTP loopback connections...
Creating new HTTP listener for http://localhost:43271/... OK
Waiting for loopback connection... OK
Writing response... OK
Waiting for response data... OK
Loopback connection data OK
Testing with IHttpClientFactory created HTTP client...
Creating HTTP client... OK
IsNetworkAvailable: True
Sending HEAD request to http://example.com... OK
Sending HEAD request to https://example.com... OK
Acquiring free TCP port... OK
Testing local HTTP loopback connections...
Creating new HTTP listener for http://localhost:35847/... OK
Waiting for loopback connection... OK
Writing response... OK
Waiting for response data... OK
Loopback connection data OK

------------
Diagnostic: Git
Skipped: False
Success: True
Exception: None
Log:
Getting Git version... OK
Git version is '2.25.1'
Locating current repository... OK
Git repository at '/home/daft/Dropbox/Steelhead_Rcode/Spawner_recruit_Long_data/.git'
Listing all Git configuration... OK
Git configuration:
file:/home/daft/.gitconfig	user.email=aaron@gmail.com
file:/home/daft/.gitconfig	user.name=daft
file:/home/daft/.gitconfig	credential.helper=cache
file:/home/daft/.gitconfig	credential.helper=
file:/home/daft/.gitconfig	credential.helper=/usr/local/share/gcm-core/git-credential-manager-core
file:/home/daft/.gitconfig	credential.https://dev.azure.com.usehttppath=true
file:.git/config	core.repositoryformatversion=0
file:.git/config	core.filemode=true
file:.git/config	core.bare=false
file:.git/config	core.logallrefupdates=true
file:.git/config	remote.origin.url=https://github.com/AaronGreenberg/Spawner_recruit_Long_data
file:.git/config	remote.origin.fetch=+refs/heads/*:refs/remotes/origin/*


------------
Diagnostic: Credential storage
Skipped: False
Success: False
Exception:
System.Exception: No credential store has been selected.

Set the GCM_CREDENTIAL_STORE environment variable or the credential.credentialStore Git configuration setting to one of the following options:

  secretservice : freedesktop.org Secret Service (requires graphical interface)
  gpg           : GNU `pass` compatible credential storage (requires GPG and `pass`)
  cache         : Git's in-memory credential cache
  plaintext     : store credentials in plain-text files (UNSECURE)

See https://aka.ms/gcm/credstores for more information.

   at GitCredentialManager.CredentialStore.EnsureBackingStore()
   at GitCredentialManager.CredentialStore.Remove(String service, String account)
   at GitCredentialManager.Diagnostics.CredentialStoreDiagnostic.RunInternalAsync(StringBuilder log, IList`1 additionalFiles)
   at GitCredentialManager.Diagnostics.Diagnostic.RunAsync()
Log:
ICredentialStore instance is of type: CredentialStore
Writing test credential...Deleting test credential...
------------
Diagnostic: Microsoft authentication (AAD/MSA)
Skipped: False
Success: True
Exception: None
Log:
Broker not supported.
Flow type is: Auto
Gathering MSAL token cache data... OK
CacheDirectory: /home/daft/.local/.IdentityService
CacheFileName: msal.cache
CacheFilePath: /home/daft/.local/.IdentityService/msal.cache
KeyringCollection: 
KeyringSchemaName: 
KeyringSecretLabel: 
KeyringAttribute1: (,)
KeyringAttribute2: (,)
Creating cache helper... OK
Verifying MSAL token cache persistence... OK

------------
Diagnostic: GitHub API
Skipped: False
Success: True
Exception: None
Log:
Using 'https://github.com/' as API target.
Querying '/meta' endpoint... OK

